[06-Jan-2018 06:06:50 UTC] PHP Fatal error:  Uncaught Error: Class 'David\Foundation\Route' not found in F:\phpStudy\WWW\DavidNineRoc\public\index.php:4
Stack trace:
#0 {main}
  thrown in F:\phpStudy\WWW\DavidNineRoc\public\index.php on line 4
[06-Jan-2018 06:07:12 UTC] PHP Fatal error:  Uncaught Error: Class 'David\Foundation\Route' not found in F:\phpStudy\WWW\DavidNineRoc\public\index.php:4
Stack trace:
#0 {main}
  thrown in F:\phpStudy\WWW\DavidNineRoc\public\index.php on line 4
[06-Jan-2018 06:07:13 UTC] PHP Fatal error:  Uncaught Error: Class 'David\Foundation\Route' not found in F:\phpStudy\WWW\DavidNineRoc\public\index.php:4
Stack trace:
#0 {main}
  thrown in F:\phpStudy\WWW\DavidNineRoc\public\index.php on line 4
[06-Jan-2018 06:07:35 UTC] PHP Fatal error:  Uncaught Error: Class 'David\Foundation\Route' not found in F:\phpStudy\WWW\DavidNineRoc\public\index.php:4
Stack trace:
#0 {main}
  thrown in F:\phpStudy\WWW\DavidNineRoc\public\index.php on line 4
[06-Jan-2018 06:07:35 UTC] PHP Fatal error:  Uncaught Error: Class 'David\Foundation\Route' not found in F:\phpStudy\WWW\DavidNineRoc\public\index.php:4
Stack trace:
#0 {main}
  thrown in F:\phpStudy\WWW\DavidNineRoc\public\index.php on line 4
[06-Jan-2018 06:07:40 UTC] PHP Fatal error:  Uncaught Error: Class 'David\Foundation\Route' not found in F:\phpStudy\WWW\DavidNineRoc\public\index.php:5
Stack trace:
#0 {main}
  thrown in F:\phpStudy\WWW\DavidNineRoc\public\index.php on line 5
[06-Jan-2018 06:07:41 UTC] PHP Fatal error:  Uncaught Error: Class 'David\Foundation\Route' not found in F:\phpStudy\WWW\DavidNineRoc\public\index.php:5
Stack trace:
#0 {main}
  thrown in F:\phpStudy\WWW\DavidNineRoc\public\index.php on line 5
[06-Jan-2018 06:58:20 UTC] PHP Fatal error:  Cannot redeclare env() (previously declared in F:\phpStudy\WWW\DavidNineRoc\vendor\illuminate\support\helpers.php:606) in F:\phpStudy\WWW\DavidNineRoc\bootstrap\helpers.php on line 12
[06-Jan-2018 06:58:20 UTC] PHP Stack trace:
[06-Jan-2018 06:58:20 UTC] PHP   1. {main}() F:\phpStudy\WWW\DavidNineRoc\public\index.php:0
[06-Jan-2018 06:58:20 UTC] PHP   2. require() F:\phpStudy\WWW\DavidNineRoc\public\index.php:4
[06-Jan-2018 06:58:20 UTC] PHP   3. David\Application->__construct() F:\phpStudy\WWW\DavidNineRoc\bootstrap\app.php:13
[06-Jan-2018 06:58:20 UTC] PHP   4. David\Application->initConfig() F:\phpStudy\WWW\DavidNineRoc\kernel\src\Application.php:18
[06-Jan-2018 06:58:32 UTC] PHP Fatal error:  Cannot redeclare env() (previously declared in F:\phpStudy\WWW\DavidNineRoc\vendor\illuminate\support\helpers.php:606) in F:\phpStudy\WWW\DavidNineRoc\bootstrap\helpers.php on line 12
[06-Jan-2018 06:58:32 UTC] PHP Stack trace:
[06-Jan-2018 06:58:32 UTC] PHP   1. {main}() F:\phpStudy\WWW\DavidNineRoc\public\index.php:0
[06-Jan-2018 06:58:32 UTC] PHP   2. require() F:\phpStudy\WWW\DavidNineRoc\public\index.php:4
[06-Jan-2018 06:58:32 UTC] PHP   3. David\Application->__construct() F:\phpStudy\WWW\DavidNineRoc\bootstrap\app.php:13
[06-Jan-2018 06:58:32 UTC] PHP   4. David\Application->initConfig() F:\phpStudy\WWW\DavidNineRoc\kernel\src\Application.php:18
[06-Jan-2018 14:58:58 PRC] PHP Fatal error:  Uncaught Error: Call to undefined method David\Foundation\Kernel::dispatch() in F:\phpStudy\WWW\DavidNineRoc\public\index.php:10
Stack trace:
#0 {main}
  thrown in F:\phpStudy\WWW\DavidNineRoc\public\index.php on line 10
[06-Jan-2018 06:59:06 UTC] PHP Warning:  require(F:\phpStudy\WWW\DavidNineRoc\bootstrap\helpers.php): failed to open stream: No such file or directory in F:\phpStudy\WWW\DavidNineRoc\kernel\src\Application.php on line 28
[06-Jan-2018 06:59:06 UTC] PHP Stack trace:
[06-Jan-2018 06:59:06 UTC] PHP   1. {main}() F:\phpStudy\WWW\DavidNineRoc\public\index.php:0
[06-Jan-2018 06:59:06 UTC] PHP   2. require() F:\phpStudy\WWW\DavidNineRoc\public\index.php:4
[06-Jan-2018 06:59:06 UTC] PHP   3. David\Application->__construct() F:\phpStudy\WWW\DavidNineRoc\bootstrap\app.php:13
[06-Jan-2018 06:59:06 UTC] PHP   4. David\Application->initConfig() F:\phpStudy\WWW\DavidNineRoc\kernel\src\Application.php:18
[06-Jan-2018 06:59:06 UTC] PHP Fatal error:  require(): Failed opening required 'F:\phpStudy\WWW\DavidNineRoc/bootstrap/helpers.php' (include_path='.;C:\php\pear') in F:\phpStudy\WWW\DavidNineRoc\kernel\src\Application.php on line 28
[06-Jan-2018 06:59:06 UTC] PHP Stack trace:
[06-Jan-2018 06:59:06 UTC] PHP   1. {main}() F:\phpStudy\WWW\DavidNineRoc\public\index.php:0
[06-Jan-2018 06:59:06 UTC] PHP   2. require() F:\phpStudy\WWW\DavidNineRoc\public\index.php:4
[06-Jan-2018 06:59:06 UTC] PHP   3. David\Application->__construct() F:\phpStudy\WWW\DavidNineRoc\bootstrap\app.php:13
[06-Jan-2018 06:59:06 UTC] PHP   4. David\Application->initConfig() F:\phpStudy\WWW\DavidNineRoc\kernel\src\Application.php:18
[06-Jan-2018 15:00:17 PRC] PHP Fatal error:  Uncaught Error: Call to undefined method David\Foundation\Kernel::dispatch() in F:\phpStudy\WWW\DavidNineRoc\public\index.php:10
Stack trace:
#0 {main}
  thrown in F:\phpStudy\WWW\DavidNineRoc\public\index.php on line 10
[06-Jan-2018 15:00:34 PRC] PHP Fatal error:  Uncaught Error: Call to undefined method David\Foundation\Kernel::dispatch() in F:\phpStudy\WWW\DavidNineRoc\public\index.php:10
Stack trace:
#0 {main}
  thrown in F:\phpStudy\WWW\DavidNineRoc\public\index.php on line 10
[06-Jan-2018 15:09:14 PRC] PHP Fatal error:  Uncaught Error: Call to undefined method David\Foundation\Kernel::handle() in F:\phpStudy\WWW\DavidNineRoc\public\index.php:15
Stack trace:
#0 {main}
  thrown in F:\phpStudy\WWW\DavidNineRoc\public\index.php on line 15
[06-Jan-2018 15:12:58 PRC] PHP Fatal error:  Uncaught Error: Call to undefined method David\Foundation\Kernel::handle() in F:\phpStudy\WWW\DavidNineRoc\public\index.php:16
Stack trace:
#0 {main}
  thrown in F:\phpStudy\WWW\DavidNineRoc\public\index.php on line 16
[06-Jan-2018 15:25:08 PRC] PHP Fatal error:  Uncaught FastRoute\BadRouteException: Static route "/home" is shadowed by previously defined variable route "/([^/]+)" for method "GET" in F:\phpStudy\WWW\DavidNineRoc\vendor\nikic\fast-route\src\DataGenerator\RegexBasedAbstract.php:64
Stack trace:
#0 F:\phpStudy\WWW\DavidNineRoc\vendor\nikic\fast-route\src\DataGenerator\RegexBasedAbstract.php(18): FastRoute\DataGenerator\RegexBasedAbstract->addStaticRoute('GET', Array, 'HomeController@...')
#1 F:\phpStudy\WWW\DavidNineRoc\vendor\nikic\fast-route\src\RouteCollector.php(36): FastRoute\DataGenerator\RegexBasedAbstract->addRoute('GET', Array, 'HomeController@...')
#2 F:\phpStudy\WWW\DavidNineRoc\vendor\nikic\fast-route\src\RouteCollector.php(65): FastRoute\RouteCollector->addRoute('GET', '/home', 'HomeController@...')
#3 F:\phpStudy\WWW\DavidNineRoc\routes\api.php(10): FastRoute\RouteCollector->get('/home', 'HomeController@...')
#4 F:\phpStudy\WWW\DavidNineRoc\kernel\src\Foundation\Route.php(21): require('F:\\phpStudy\\WWW...')
#5 F:\phpStudy\WWW\DavidNineRoc\ve in F:\phpStudy\WWW\DavidNineRoc\vendor\nikic\fast-route\src\DataGenerator\RegexBasedAbstract.php on line 64
[06-Jan-2018 15:25:08 PRC] PHP Fatal error:  Uncaught FastRoute\BadRouteException: Static route "/home" is shadowed by previously defined variable route "/([^/]+)" for method "GET" in F:\phpStudy\WWW\DavidNineRoc\vendor\nikic\fast-route\src\DataGenerator\RegexBasedAbstract.php:64
Stack trace:
#0 F:\phpStudy\WWW\DavidNineRoc\vendor\nikic\fast-route\src\DataGenerator\RegexBasedAbstract.php(18): FastRoute\DataGenerator\RegexBasedAbstract->addStaticRoute('GET', Array, 'HomeController@...')
#1 F:\phpStudy\WWW\DavidNineRoc\vendor\nikic\fast-route\src\RouteCollector.php(36): FastRoute\DataGenerator\RegexBasedAbstract->addRoute('GET', Array, 'HomeController@...')
#2 F:\phpStudy\WWW\DavidNineRoc\vendor\nikic\fast-route\src\RouteCollector.php(65): FastRoute\RouteCollector->addRoute('GET', '/home', 'HomeController@...')
#3 F:\phpStudy\WWW\DavidNineRoc\routes\api.php(10): FastRoute\RouteCollector->get('/home', 'HomeController@...')
#4 F:\phpStudy\WWW\DavidNineRoc\kernel\src\Foundation\Route.php(21): require('F:\\phpStudy\\WWW...')
#5 F:\phpStudy\WWW\DavidNineRoc\ve in F:\phpStudy\WWW\DavidNineRoc\vendor\nikic\fast-route\src\DataGenerator\RegexBasedAbstract.php on line 64
[06-Jan-2018 15:26:01 PRC] PHP Fatal error:  Uncaught FastRoute\BadRouteException: Static route "/home" is shadowed by previously defined variable route "/([^/]+)" for method "GET" in F:\phpStudy\WWW\DavidNineRoc\vendor\nikic\fast-route\src\DataGenerator\RegexBasedAbstract.php:64
Stack trace:
#0 F:\phpStudy\WWW\DavidNineRoc\vendor\nikic\fast-route\src\DataGenerator\RegexBasedAbstract.php(18): FastRoute\DataGenerator\RegexBasedAbstract->addStaticRoute('GET', Array, 'HomeController@...')
#1 F:\phpStudy\WWW\DavidNineRoc\vendor\nikic\fast-route\src\RouteCollector.php(36): FastRoute\DataGenerator\RegexBasedAbstract->addRoute('GET', Array, 'HomeController@...')
#2 F:\phpStudy\WWW\DavidNineRoc\vendor\nikic\fast-route\src\RouteCollector.php(65): FastRoute\RouteCollector->addRoute('GET', '/home', 'HomeController@...')
#3 F:\phpStudy\WWW\DavidNineRoc\routes\api.php(10): FastRoute\RouteCollector->get('/home', 'HomeController@...')
#4 F:\phpStudy\WWW\DavidNineRoc\kernel\src\Foundation\Route.php(21): require('F:\\phpStudy\\WWW...')
#5 F:\phpStudy\WWW\DavidNineRoc\ve in F:\phpStudy\WWW\DavidNineRoc\vendor\nikic\fast-route\src\DataGenerator\RegexBasedAbstract.php on line 64
[06-Jan-2018 15:26:03 PRC] PHP Fatal error:  Uncaught FastRoute\BadRouteException: Static route "/home" is shadowed by previously defined variable route "/([^/]+)" for method "GET" in F:\phpStudy\WWW\DavidNineRoc\vendor\nikic\fast-route\src\DataGenerator\RegexBasedAbstract.php:64
Stack trace:
#0 F:\phpStudy\WWW\DavidNineRoc\vendor\nikic\fast-route\src\DataGenerator\RegexBasedAbstract.php(18): FastRoute\DataGenerator\RegexBasedAbstract->addStaticRoute('GET', Array, 'HomeController@...')
#1 F:\phpStudy\WWW\DavidNineRoc\vendor\nikic\fast-route\src\RouteCollector.php(36): FastRoute\DataGenerator\RegexBasedAbstract->addRoute('GET', Array, 'HomeController@...')
#2 F:\phpStudy\WWW\DavidNineRoc\vendor\nikic\fast-route\src\RouteCollector.php(65): FastRoute\RouteCollector->addRoute('GET', '/home', 'HomeController@...')
#3 F:\phpStudy\WWW\DavidNineRoc\routes\api.php(10): FastRoute\RouteCollector->get('/home', 'HomeController@...')
#4 F:\phpStudy\WWW\DavidNineRoc\kernel\src\Foundation\Route.php(21): require('F:\\phpStudy\\WWW...')
#5 F:\phpStudy\WWW\DavidNineRoc\ve in F:\phpStudy\WWW\DavidNineRoc\vendor\nikic\fast-route\src\DataGenerator\RegexBasedAbstract.php on line 64
[06-Jan-2018 15:34:10 PRC] PHP Notice:  Object of class Closure could not be converted to int in F:\phpStudy\WWW\DavidNineRoc\kernel\src\Foundation\Kernel.php on line 26
[06-Jan-2018 15:34:10 PRC] PHP Stack trace:
[06-Jan-2018 15:34:10 PRC] PHP   1. {main}() F:\phpStudy\WWW\DavidNineRoc\public\index.php:0
[06-Jan-2018 15:34:10 PRC] PHP   2. David\Foundation\Kernel->handle() F:\phpStudy\WWW\DavidNineRoc\public\index.php:16
[06-Jan-2018 15:34:10 PRC] PHP Notice:  Object of class Closure could not be converted to int in F:\phpStudy\WWW\DavidNineRoc\kernel\src\Foundation\Kernel.php on line 29
[06-Jan-2018 15:34:10 PRC] PHP Stack trace:
[06-Jan-2018 15:34:10 PRC] PHP   1. {main}() F:\phpStudy\WWW\DavidNineRoc\public\index.php:0
[06-Jan-2018 15:34:10 PRC] PHP   2. David\Foundation\Kernel->handle() F:\phpStudy\WWW\DavidNineRoc\public\index.php:16
[06-Jan-2018 15:34:10 PRC] PHP Notice:  Object of class Closure could not be converted to int in F:\phpStudy\WWW\DavidNineRoc\kernel\src\Foundation\Kernel.php on line 33
[06-Jan-2018 15:34:10 PRC] PHP Stack trace:
[06-Jan-2018 15:34:10 PRC] PHP   1. {main}() F:\phpStudy\WWW\DavidNineRoc\public\index.php:0
[06-Jan-2018 15:34:10 PRC] PHP   2. David\Foundation\Kernel->handle() F:\phpStudy\WWW\DavidNineRoc\public\index.php:16
[06-Jan-2018 15:36:30 PRC] PHP Parse error:  syntax error, unexpected '}' in F:\phpStudy\WWW\DavidNineRoc\kernel\src\Foundation\Kernel.php on line 45
[06-Jan-2018 15:36:44 PRC] PHP Parse error:  syntax error, unexpected '}' in F:\phpStudy\WWW\DavidNineRoc\kernel\src\Foundation\Kernel.php on line 45
[06-Jan-2018 15:36:45 PRC] PHP Parse error:  syntax error, unexpected '}' in F:\phpStudy\WWW\DavidNineRoc\kernel\src\Foundation\Kernel.php on line 45
[06-Jan-2018 15:42:53 PRC] PHP Notice:  Undefined variable: id in F:\phpStudy\WWW\DavidNineRoc\routes\api.php on line 4
[06-Jan-2018 15:42:53 PRC] PHP Stack trace:
[06-Jan-2018 15:42:53 PRC] PHP   1. {main}() F:\phpStudy\WWW\DavidNineRoc\public\index.php:0
[06-Jan-2018 15:42:53 PRC] PHP   2. David\Foundation\Kernel->handle() F:\phpStudy\WWW\DavidNineRoc\public\index.php:16
[06-Jan-2018 15:42:53 PRC] PHP   3. David\Foundation\Kernel->prepareDestination() F:\phpStudy\WWW\DavidNineRoc\kernel\src\Foundation\Kernel.php:37
[06-Jan-2018 15:42:53 PRC] PHP   4. call_user_func_array:{F:\phpStudy\WWW\DavidNineRoc\kernel\src\Foundation\Kernel.php:45}() F:\phpStudy\WWW\DavidNineRoc\kernel\src\Foundation\Kernel.php:45
[06-Jan-2018 15:42:53 PRC] PHP   5. David\Foundation\Route->{closure:F:\phpStudy\WWW\DavidNineRoc\routes\api.php:3-5}() F:\phpStudy\WWW\DavidNineRoc\kernel\src\Foundation\Kernel.php:45
[06-Jan-2018 15:51:22 PRC] PHP Fatal error:  Uncaught ReflectionException: Class \App\Controllers\IndexController does not exist in F:\phpStudy\WWW\DavidNineRoc\vendor\illuminate\container\Container.php:752
Stack trace:
#0 F:\phpStudy\WWW\DavidNineRoc\vendor\illuminate\container\Container.php(752): ReflectionClass->__construct('\\App\\Controller...')
#1 F:\phpStudy\WWW\DavidNineRoc\vendor\illuminate\container\Container.php(631): Illuminate\Container\Container->build('\\App\\Controller...')
#2 F:\phpStudy\WWW\DavidNineRoc\vendor\illuminate\container\Container.php(586): Illuminate\Container\Container->resolve('\\App\\Controller...', Array)
#3 F:\phpStudy\WWW\DavidNineRoc\kernel\src\Foundation\Kernel.php(50): Illuminate\Container\Container->make('\\App\\Controller...')
#4 F:\phpStudy\WWW\DavidNineRoc\kernel\src\Foundation\Kernel.php(38): David\Foundation\Kernel->prepareDestination('IndexController...', Array)
#5 F:\phpStudy\WWW\DavidNineRoc\public\index.php(16): David\Foundation\Kernel->handle(Array)
#6 {main}
  thrown in F:\phpStudy\WWW\DavidNineRoc\vendor\illuminate\container\Container.php on line 752
[06-Jan-2018 15:52:36 PRC] PHP Fatal error:  Uncaught ArgumentCountError: Too few arguments to function App\Controllers\IndexController::index(), 0 passed in F:\phpStudy\WWW\DavidNineRoc\kernel\src\Foundation\Kernel.php on line 51 and exactly 1 expected in F:\phpStudy\WWW\DavidNineRoc\app\Controllers\IndexController.php:7
Stack trace:
#0 F:\phpStudy\WWW\DavidNineRoc\kernel\src\Foundation\Kernel.php(51): App\Controllers\IndexController->index()
#1 F:\phpStudy\WWW\DavidNineRoc\kernel\src\Foundation\Kernel.php(38): David\Foundation\Kernel->prepareDestination('IndexController...', Array)
#2 F:\phpStudy\WWW\DavidNineRoc\public\index.php(16): David\Foundation\Kernel->handle(Array)
#3 {main}
  thrown in F:\phpStudy\WWW\DavidNineRoc\app\Controllers\IndexController.php on line 7
[06-Jan-2018 15:52:36 PRC] PHP Fatal error:  Uncaught ArgumentCountError: Too few arguments to function App\Controllers\IndexController::index(), 0 passed in F:\phpStudy\WWW\DavidNineRoc\kernel\src\Foundation\Kernel.php on line 51 and exactly 1 expected in F:\phpStudy\WWW\DavidNineRoc\app\Controllers\IndexController.php:7
Stack trace:
#0 F:\phpStudy\WWW\DavidNineRoc\kernel\src\Foundation\Kernel.php(51): App\Controllers\IndexController->index()
#1 F:\phpStudy\WWW\DavidNineRoc\kernel\src\Foundation\Kernel.php(38): David\Foundation\Kernel->prepareDestination('IndexController...', Array)
#2 F:\phpStudy\WWW\DavidNineRoc\public\index.php(16): David\Foundation\Kernel->handle(Array)
#3 {main}
  thrown in F:\phpStudy\WWW\DavidNineRoc\app\Controllers\IndexController.php on line 7
[06-Jan-2018 15:52:43 PRC] PHP Fatal error:  Uncaught ArgumentCountError: Too few arguments to function App\Controllers\IndexController::index(), 0 passed in F:\phpStudy\WWW\DavidNineRoc\kernel\src\Foundation\Kernel.php on line 51 and exactly 1 expected in F:\phpStudy\WWW\DavidNineRoc\app\Controllers\IndexController.php:7
Stack trace:
#0 F:\phpStudy\WWW\DavidNineRoc\kernel\src\Foundation\Kernel.php(51): App\Controllers\IndexController->index()
#1 F:\phpStudy\WWW\DavidNineRoc\kernel\src\Foundation\Kernel.php(38): David\Foundation\Kernel->prepareDestination('IndexController...', Array)
#2 F:\phpStudy\WWW\DavidNineRoc\public\index.php(16): David\Foundation\Kernel->handle(Array)
#3 {main}
  thrown in F:\phpStudy\WWW\DavidNineRoc\app\Controllers\IndexController.php on line 7
[06-Jan-2018 15:52:44 PRC] PHP Fatal error:  Uncaught ArgumentCountError: Too few arguments to function App\Controllers\IndexController::index(), 0 passed in F:\phpStudy\WWW\DavidNineRoc\kernel\src\Foundation\Kernel.php on line 51 and exactly 1 expected in F:\phpStudy\WWW\DavidNineRoc\app\Controllers\IndexController.php:7
Stack trace:
#0 F:\phpStudy\WWW\DavidNineRoc\kernel\src\Foundation\Kernel.php(51): App\Controllers\IndexController->index()
#1 F:\phpStudy\WWW\DavidNineRoc\kernel\src\Foundation\Kernel.php(38): David\Foundation\Kernel->prepareDestination('IndexController...', Array)
#2 F:\phpStudy\WWW\DavidNineRoc\public\index.php(16): David\Foundation\Kernel->handle(Array)
#3 {main}
  thrown in F:\phpStudy\WWW\DavidNineRoc\app\Controllers\IndexController.php on line 7
[06-Jan-2018 15:52:44 PRC] PHP Fatal error:  Uncaught ArgumentCountError: Too few arguments to function App\Controllers\IndexController::index(), 0 passed in F:\phpStudy\WWW\DavidNineRoc\kernel\src\Foundation\Kernel.php on line 51 and exactly 1 expected in F:\phpStudy\WWW\DavidNineRoc\app\Controllers\IndexController.php:7
Stack trace:
#0 F:\phpStudy\WWW\DavidNineRoc\kernel\src\Foundation\Kernel.php(51): App\Controllers\IndexController->index()
#1 F:\phpStudy\WWW\DavidNineRoc\kernel\src\Foundation\Kernel.php(38): David\Foundation\Kernel->prepareDestination('IndexController...', Array)
#2 F:\phpStudy\WWW\DavidNineRoc\public\index.php(16): David\Foundation\Kernel->handle(Array)
#3 {main}
  thrown in F:\phpStudy\WWW\DavidNineRoc\app\Controllers\IndexController.php on line 7
[06-Jan-2018 15:52:44 PRC] PHP Fatal error:  Uncaught ArgumentCountError: Too few arguments to function App\Controllers\IndexController::index(), 0 passed in F:\phpStudy\WWW\DavidNineRoc\kernel\src\Foundation\Kernel.php on line 51 and exactly 1 expected in F:\phpStudy\WWW\DavidNineRoc\app\Controllers\IndexController.php:7
Stack trace:
#0 F:\phpStudy\WWW\DavidNineRoc\kernel\src\Foundation\Kernel.php(51): App\Controllers\IndexController->index()
#1 F:\phpStudy\WWW\DavidNineRoc\kernel\src\Foundation\Kernel.php(38): David\Foundation\Kernel->prepareDestination('IndexController...', Array)
#2 F:\phpStudy\WWW\DavidNineRoc\public\index.php(16): David\Foundation\Kernel->handle(Array)
#3 {main}
  thrown in F:\phpStudy\WWW\DavidNineRoc\app\Controllers\IndexController.php on line 7
[06-Jan-2018 15:53:03 PRC] PHP Fatal error:  Uncaught ArgumentCountError: Too few arguments to function App\Controllers\IndexController::index(), 0 passed in F:\phpStudy\WWW\DavidNineRoc\kernel\src\Foundation\Kernel.php on line 51 and exactly 1 expected in F:\phpStudy\WWW\DavidNineRoc\app\Controllers\IndexController.php:7
Stack trace:
#0 F:\phpStudy\WWW\DavidNineRoc\kernel\src\Foundation\Kernel.php(51): App\Controllers\IndexController->index()
#1 F:\phpStudy\WWW\DavidNineRoc\kernel\src\Foundation\Kernel.php(38): David\Foundation\Kernel->prepareDestination('IndexController...', Array)
#2 F:\phpStudy\WWW\DavidNineRoc\public\index.php(16): David\Foundation\Kernel->handle(Array)
#3 {main}
  thrown in F:\phpStudy\WWW\DavidNineRoc\app\Controllers\IndexController.php on line 7
[06-Jan-2018 15:53:03 PRC] PHP Fatal error:  Uncaught ArgumentCountError: Too few arguments to function App\Controllers\IndexController::index(), 0 passed in F:\phpStudy\WWW\DavidNineRoc\kernel\src\Foundation\Kernel.php on line 51 and exactly 1 expected in F:\phpStudy\WWW\DavidNineRoc\app\Controllers\IndexController.php:7
Stack trace:
#0 F:\phpStudy\WWW\DavidNineRoc\kernel\src\Foundation\Kernel.php(51): App\Controllers\IndexController->index()
#1 F:\phpStudy\WWW\DavidNineRoc\kernel\src\Foundation\Kernel.php(38): David\Foundation\Kernel->prepareDestination('IndexController...', Array)
#2 F:\phpStudy\WWW\DavidNineRoc\public\index.php(16): David\Foundation\Kernel->handle(Array)
#3 {main}
  thrown in F:\phpStudy\WWW\DavidNineRoc\app\Controllers\IndexController.php on line 7
[06-Jan-2018 15:53:04 PRC] PHP Fatal error:  Uncaught ArgumentCountError: Too few arguments to function App\Controllers\IndexController::index(), 0 passed in F:\phpStudy\WWW\DavidNineRoc\kernel\src\Foundation\Kernel.php on line 51 and exactly 1 expected in F:\phpStudy\WWW\DavidNineRoc\app\Controllers\IndexController.php:7
Stack trace:
#0 F:\phpStudy\WWW\DavidNineRoc\kernel\src\Foundation\Kernel.php(51): App\Controllers\IndexController->index()
#1 F:\phpStudy\WWW\DavidNineRoc\kernel\src\Foundation\Kernel.php(38): David\Foundation\Kernel->prepareDestination('IndexController...', Array)
#2 F:\phpStudy\WWW\DavidNineRoc\public\index.php(16): David\Foundation\Kernel->handle(Array)
#3 {main}
  thrown in F:\phpStudy\WWW\DavidNineRoc\app\Controllers\IndexController.php on line 7
[06-Jan-2018 15:54:01 PRC] PHP Fatal error:  Uncaught ArgumentCountError: Too few arguments to function App\Controllers\IndexController::index(), 0 passed in F:\phpStudy\WWW\DavidNineRoc\kernel\src\Foundation\Kernel.php on line 53 and exactly 1 expected in F:\phpStudy\WWW\DavidNineRoc\app\Controllers\IndexController.php:7
Stack trace:
#0 F:\phpStudy\WWW\DavidNineRoc\kernel\src\Foundation\Kernel.php(53): App\Controllers\IndexController->index()
#1 F:\phpStudy\WWW\DavidNineRoc\kernel\src\Foundation\Kernel.php(38): David\Foundation\Kernel->prepareDestination('IndexController...', Array)
#2 F:\phpStudy\WWW\DavidNineRoc\public\index.php(16): David\Foundation\Kernel->handle(Array)
#3 {main}
  thrown in F:\phpStudy\WWW\DavidNineRoc\app\Controllers\IndexController.php on line 7
[06-Jan-2018 15:54:02 PRC] PHP Fatal error:  Uncaught ArgumentCountError: Too few arguments to function App\Controllers\IndexController::index(), 0 passed in F:\phpStudy\WWW\DavidNineRoc\kernel\src\Foundation\Kernel.php on line 53 and exactly 1 expected in F:\phpStudy\WWW\DavidNineRoc\app\Controllers\IndexController.php:7
Stack trace:
#0 F:\phpStudy\WWW\DavidNineRoc\kernel\src\Foundation\Kernel.php(53): App\Controllers\IndexController->index()
#1 F:\phpStudy\WWW\DavidNineRoc\kernel\src\Foundation\Kernel.php(38): David\Foundation\Kernel->prepareDestination('IndexController...', Array)
#2 F:\phpStudy\WWW\DavidNineRoc\public\index.php(16): David\Foundation\Kernel->handle(Array)
#3 {main}
  thrown in F:\phpStudy\WWW\DavidNineRoc\app\Controllers\IndexController.php on line 7
[06-Jan-2018 16:00:55 PRC] PHP Fatal error:  Uncaught Error: Call to a member function send() on string in F:\phpStudy\WWW\DavidNineRoc\public\index.php:19
Stack trace:
#0 {main}
  thrown in F:\phpStudy\WWW\DavidNineRoc\public\index.php on line 19
[06-Jan-2018 16:01:44 PRC] PHP Fatal error:  Uncaught Error: Call to a member function send() on string in F:\phpStudy\WWW\DavidNineRoc\public\index.php:19
Stack trace:
#0 {main}
  thrown in F:\phpStudy\WWW\DavidNineRoc\public\index.php on line 19
